<?xml version="1.0" encoding="UTF-8"?>
<!-- Generated by org.testng.reporters.JUnitXMLReporter -->
<testsuite hostname="Akylbeks-MacBook-Pro.local" ignored="12" name="Test01" tests="1" failures="0" timestamp="2020-01-12T10:42:07 EST" time="2.041" errors="0">
  <testcase name="logInPerformanceTest2" time="2.011" classname="io.techleadacademy.TestNG11.TestTags"/>
  <testcase name="divide1" time="0.0" classname="io.techleadacademy.TestNG11.TestTags">
    <ignored/>
  </testcase> <!-- divide1 -->
  <testcase name="logInPerformanceTest3" time="0.0" classname="io.techleadacademy.TestNG11.TestTags">
    <ignored/>
  </testcase> <!-- logInPerformanceTest3 -->
  <testcase name="methodTimeOut" time="0.0" classname="io.techleadacademy.TestNG11.TestTags">
    <ignored/>
  </testcase> <!-- methodTimeOut -->
  <testcase name="testUserName1" time="0.0" classname="io.techleadacademy.TestNG11.TestTags">
    <ignored/>
  </testcase> <!-- testUserName1 -->
  <testcase name="subtract1" time="0.0" classname="io.techleadacademy.TestNG11.TestTags">
    <ignored/>
  </testcase> <!-- subtract1 -->
  <testcase name="divide2" time="0.0" classname="io.techleadacademy.TestNG11.TestTags">
    <ignored/>
  </testcase> <!-- divide2 -->
  <testcase name="logInPerformanceTest1" time="0.0" classname="io.techleadacademy.TestNG11.TestTags">
    <ignored/>
  </testcase> <!-- logInPerformanceTest1 -->
  <testcase name="add2" time="0.0" classname="io.techleadacademy.TestNG11.TestTags">
    <ignored/>
  </testcase> <!-- add2 -->
  <testcase name="multiply" time="0.0" classname="io.techleadacademy.TestNG11.TestTags">
    <ignored/>
  </testcase> <!-- multiply -->
  <testcase name="subtract2" time="0.0" classname="io.techleadacademy.TestNG11.TestTags">
    <ignored/>
  </testcase> <!-- subtract2 -->
  <testcase name="signUpTest" time="0.0" classname="io.techleadacademy.TestNG11.TestTags">
    <ignored/>
  </testcase> <!-- signUpTest -->
  <testcase name="add1" time="0.0" classname="io.techleadacademy.TestNG11.TestTags">
    <ignored/>
  </testcase> <!-- add1 -->
</testsuite> <!-- Test01 -->
